<?xml version="1.0" encoding="UTF-8"?>
<!-- Generated by org.testng.reporters.JUnitReportReporter -->
<testsuite skipped="0" hostname="LAPTOP-DKIK15C0" name="org.Selenum.GcReddy.TestNGClasses.ExcelCodeExecutor" tests="1" failures="0" timestamp="17 Jul 2023 07:25:27 GMT" time="3.015" errors="0">
  <testcase name="ExcelCodeexecution" time="3.015" classname="org.Selenum.GcReddy.TestNGClasses.ExcelCodeExecutor"/>
</testsuite> <!-- org.Selenum.GcReddy.TestNGClasses.ExcelCodeExecutor -->
