<?xml version="1.0" encoding="UTF-8"?>
<!-- Generated by org.testng.reporters.JUnitReportReporter -->
<testsuite skipped="0" hostname="LAPTOP-DKIK15C0" name="org.Selenum.GcReddy.TestNGClasses.LoginActions_MultipleData" tests="5" failures="0" timestamp="20 Jul 2023 13:20:34 GMT" time="70.105" errors="0">
  <testcase name="LoginRunnerUsingMultiData" time="13.365" classname="org.Selenum.GcReddy.TestNGClasses.LoginActions_MultipleData"/>
  <testcase name="LoginRunnerUsingMultiData" time="12.906" classname="org.Selenum.GcReddy.TestNGClasses.LoginActions_MultipleData"/>
  <testcase name="LoginRunnerUsingMultiData" time="16.089" classname="org.Selenum.GcReddy.TestNGClasses.LoginActions_MultipleData"/>
  <testcase name="LoginRunnerUsingMultiData" time="15.436" classname="org.Selenum.GcReddy.TestNGClasses.LoginActions_MultipleData"/>
  <testcase name="LoginRunnerUsingMultiData" time="12.309" classname="org.Selenum.GcReddy.TestNGClasses.LoginActions_MultipleData"/>
</testsuite> <!-- org.Selenum.GcReddy.TestNGClasses.LoginActions_MultipleData -->
