<?xml version="1.0" encoding="UTF-8"?>
<!-- Generated by org.testng.reporters.JUnitReportReporter -->
<testsuite skipped="0" hostname="LAPTOP-DKIK15C0" name="org.Selenum.GcReddy.TestNGClasses.LoginActions_PositiveData" tests="1" failures="0" timestamp="20 Jul 2023 13:17:44 GMT" time="55.732" errors="0">
  <testcase name="LoginActionsTC" time="55.732" classname="org.Selenum.GcReddy.TestNGClasses.LoginActions_PositiveData"/>
</testsuite> <!-- org.Selenum.GcReddy.TestNGClasses.LoginActions_PositiveData -->
