<?xml version="1.0" encoding="UTF-8"?>
<!-- Generated by org.testng.reporters.JUnitReportReporter -->
<testsuite skipped="0" hostname="LAPTOP-DKIK15C0" name="org.Selenum.GcReddy.TestNGClasses.LoggerClass_Caller" tests="3" failures="0" timestamp="11 Jul 2023 09:11:07 GMT" time="1.182" errors="0">
  <testcase name="TestCase1" time="1.155" classname="org.Selenum.GcReddy.TestNGClasses.LoggerClass_Caller"/>
  <testcase name="TestCase2" time="0.012" classname="org.Selenum.GcReddy.TestNGClasses.LoggerClass_Caller"/>
  <testcase name="UserIdFileValidation" time="0.015" classname="org.Selenum.GcReddy.TestNGClasses.LoggerClass_Caller"/>
</testsuite> <!-- org.Selenum.GcReddy.TestNGClasses.LoggerClass_Caller -->
