<?xml version="1.0" encoding="UTF-8"?>
<!-- Generated by org.testng.reporters.JUnitReportReporter -->
<testsuite skipped="0" hostname="LAPTOP-DKIK15C0" name="org.Selenum.GcReddy.TestNGClasses.Reportsclass_Caller" tests="4" failures="0" timestamp="12 Jul 2023 05:24:59 GMT" time="0.751" errors="0">
  <testcase name="TestCase3" time="0.000" classname="org.Selenum.GcReddy.TestNGClasses.Reportsclass_Caller"/>
  <testcase name="TestCase4" time="0.477" classname="org.Selenum.GcReddy.TestNGClasses.Reportsclass_Caller"/>
  <testcase name="TestCase1" time="0.268" classname="org.Selenum.GcReddy.TestNGClasses.Reportsclass_Caller"/>
  <testcase name="TestCase2" time="0.006" classname="org.Selenum.GcReddy.TestNGClasses.Reportsclass_Caller"/>
</testsuite> <!-- org.Selenum.GcReddy.TestNGClasses.Reportsclass_Caller -->
