<?xml version="1.0" encoding="UTF-8"?>
<!-- Generated by org.testng.reporters.JUnitReportReporter -->
<testsuite skipped="0" hostname="LAPTOP-DKIK15C0" name="org.Selenum.GcReddy.TestNGClasses.LoginActions_PositiveData" tests="1" failures="0" timestamp="2023-07-25T14:27:01 IST" time="96.149" errors="0">
  <testcase name="LoginActionsTC" time="96.149" classname="org.Selenum.GcReddy.TestNGClasses.LoginActions_PositiveData"/>
  <system-out/>
</testsuite> <!-- org.Selenum.GcReddy.TestNGClasses.LoginActions_PositiveData -->
